0 info it worked if it ends with ok
1 verbose cli [ '/usr/bin/node', '/usr/bin/npm', 'install', '-g', 'eslint' ]
2 info using npm@3.5.2
3 info using node@v8.10.0
4 silly loadCurrentTree Starting
5 silly install loadCurrentTree
6 silly install readGlobalPackageData
7 silly fetchPackageMetaData eslint
8 silly fetchNamedPackageData eslint
9 silly mapToRegistry name eslint
10 silly mapToRegistry using default registry
11 silly mapToRegistry registry https://registry.npmjs.org/
12 silly mapToRegistry uri https://registry.npmjs.org/eslint
13 verbose request uri https://registry.npmjs.org/eslint
14 verbose request no auth needed
15 info attempt registry request try #1 at 6:59:53 PM
16 verbose request id 0d36f3c74594009e
17 verbose etag W/"6c9fd3dccbade08a97c2fd2cc8a6ab48"
18 verbose lastModified Mon, 12 Sep 2022 05:25:44 GMT
19 http request GET https://registry.npmjs.org/eslint
20 http 304 https://registry.npmjs.org/eslint
21 verbose headers { date: 'Mon, 19 Sep 2022 18:59:53 GMT',
21 verbose headers   connection: 'keep-alive',
21 verbose headers   'cf-ray': '74d48fa5ae398244-IAD',
21 verbose headers   age: '196',
21 verbose headers   'cache-control': 'public, max-age=300',
21 verbose headers   etag: '"6c9fd3dccbade08a97c2fd2cc8a6ab48"',
21 verbose headers   'last-modified': 'Mon, 12 Sep 2022 05:25:44 GMT',
21 verbose headers   vary: 'Accept-Encoding',
21 verbose headers   'cf-cache-status': 'HIT',
21 verbose headers   'x-amz-replication-status': 'PENDING',
21 verbose headers   server: 'cloudflare' }
22 silly get cb [ 304,
22 silly get   { date: 'Mon, 19 Sep 2022 18:59:53 GMT',
22 silly get     connection: 'keep-alive',
22 silly get     'cf-ray': '74d48fa5ae398244-IAD',
22 silly get     age: '196',
22 silly get     'cache-control': 'public, max-age=300',
22 silly get     etag: '"6c9fd3dccbade08a97c2fd2cc8a6ab48"',
22 silly get     'last-modified': 'Mon, 12 Sep 2022 05:25:44 GMT',
22 silly get     vary: 'Accept-Encoding',
22 silly get     'cf-cache-status': 'HIT',
22 silly get     'x-amz-replication-status': 'PENDING',
22 silly get     server: 'cloudflare' } ]
23 verbose etag https://registry.npmjs.org/eslint from cache
24 verbose get saving eslint to /root/.npm/registry.npmjs.org/eslint/.cache.json
25 silly install normalizeTree
26 silly loadCurrentTree Finishing
27 silly loadIdealTree Starting
28 silly install loadIdealTree
29 silly cloneCurrentTree Starting
30 silly install cloneCurrentTreeToIdealTree
31 silly cloneCurrentTree Finishing
32 silly loadShrinkwrap Starting
33 silly install loadShrinkwrap
34 silly loadShrinkwrap Finishing
35 silly loadAllDepsIntoIdealTree Starting
36 silly install loadAllDepsIntoIdealTree
37 silly resolveWithNewModule eslint@8.23.1 checking installable status
38 silly cache add args [ 'eslint', null ]
39 verbose cache add spec eslint
40 silly cache add parsed spec Result {
40 silly cache add   raw: 'eslint',
40 silly cache add   scope: null,
40 silly cache add   name: 'eslint',
40 silly cache add   rawSpec: '',
40 silly cache add   spec: 'latest',
40 silly cache add   type: 'tag' }
41 silly addNamed eslint@latest
42 verbose addNamed "latest" is being treated as a dist-tag for eslint
43 info addNameTag [ 'eslint', 'latest' ]
44 silly mapToRegistry name eslint
45 silly mapToRegistry using default registry
46 silly mapToRegistry registry https://registry.npmjs.org/
47 silly mapToRegistry uri https://registry.npmjs.org/eslint
48 verbose addNameTag registry:https://registry.npmjs.org/eslint not in flight; fetching
49 verbose get https://registry.npmjs.org/eslint not expired, no request
50 silly addNameTag next cb for eslint with tag latest
51 silly addNamed eslint@8.23.1
52 verbose addNamed "8.23.1" is a plain semver version for eslint
53 silly cache afterAdd eslint@8.23.1
54 verbose afterAdd /root/.npm/eslint/8.23.1/package/package.json not in flight; writing
55 verbose afterAdd /root/.npm/eslint/8.23.1/package/package.json written
56 silly fetchNamedPackageData @eslint/eslintrc
57 silly mapToRegistry name @eslint/eslintrc
58 silly mapToRegistry scope (from package name) @eslint
59 verbose mapToRegistry no registry URL found in name for scope @eslint
60 silly mapToRegistry using default registry
61 silly mapToRegistry registry https://registry.npmjs.org/
62 silly mapToRegistry uri https://registry.npmjs.org/@eslint%2feslintrc
63 silly fetchNamedPackageData @humanwhocodes/config-array
64 silly mapToRegistry name @humanwhocodes/config-array
65 silly mapToRegistry scope (from package name) @humanwhocodes
66 verbose mapToRegistry no registry URL found in name for scope @humanwhocodes
67 silly mapToRegistry using default registry
68 silly mapToRegistry registry https://registry.npmjs.org/
69 silly mapToRegistry uri https://registry.npmjs.org/@humanwhocodes%2fconfig-array
70 silly fetchNamedPackageData @humanwhocodes/gitignore-to-minimatch
71 silly mapToRegistry name @humanwhocodes/gitignore-to-minimatch
72 silly mapToRegistry scope (from package name) @humanwhocodes
73 verbose mapToRegistry no registry URL found in name for scope @humanwhocodes
74 silly mapToRegistry using default registry
75 silly mapToRegistry registry https://registry.npmjs.org/
76 silly mapToRegistry uri https://registry.npmjs.org/@humanwhocodes%2fgitignore-to-minimatch
77 silly fetchNamedPackageData @humanwhocodes/module-importer
78 silly mapToRegistry name @humanwhocodes/module-importer
79 silly mapToRegistry scope (from package name) @humanwhocodes
80 verbose mapToRegistry no registry URL found in name for scope @humanwhocodes
81 silly mapToRegistry using default registry
82 silly mapToRegistry registry https://registry.npmjs.org/
83 silly mapToRegistry uri https://registry.npmjs.org/@humanwhocodes%2fmodule-importer
84 silly fetchNamedPackageData ajv
85 silly mapToRegistry name ajv
86 silly mapToRegistry using default registry
87 silly mapToRegistry registry https://registry.npmjs.org/
88 silly mapToRegistry uri https://registry.npmjs.org/ajv
89 silly fetchNamedPackageData chalk
90 silly mapToRegistry name chalk
91 silly mapToRegistry using default registry
92 silly mapToRegistry registry https://registry.npmjs.org/
93 silly mapToRegistry uri https://registry.npmjs.org/chalk
94 silly fetchNamedPackageData cross-spawn
95 silly mapToRegistry name cross-spawn
96 silly mapToRegistry using default registry
97 silly mapToRegistry registry https://registry.npmjs.org/
98 silly mapToRegistry uri https://registry.npmjs.org/cross-spawn
99 silly fetchNamedPackageData debug
100 silly mapToRegistry name debug
101 silly mapToRegistry using default registry
102 silly mapToRegistry registry https://registry.npmjs.org/
103 silly mapToRegistry uri https://registry.npmjs.org/debug
104 silly fetchNamedPackageData doctrine
105 silly mapToRegistry name doctrine
106 silly mapToRegistry using default registry
107 silly mapToRegistry registry https://registry.npmjs.org/
108 silly mapToRegistry uri https://registry.npmjs.org/doctrine
109 silly fetchNamedPackageData escape-string-regexp
110 silly mapToRegistry name escape-string-regexp
111 silly mapToRegistry using default registry
112 silly mapToRegistry registry https://registry.npmjs.org/
113 silly mapToRegistry uri https://registry.npmjs.org/escape-string-regexp
114 silly fetchNamedPackageData eslint-scope
115 silly mapToRegistry name eslint-scope
116 silly mapToRegistry using default registry
117 silly mapToRegistry registry https://registry.npmjs.org/
118 silly mapToRegistry uri https://registry.npmjs.org/eslint-scope
119 silly fetchNamedPackageData eslint-utils
120 silly mapToRegistry name eslint-utils
121 silly mapToRegistry using default registry
122 silly mapToRegistry registry https://registry.npmjs.org/
123 silly mapToRegistry uri https://registry.npmjs.org/eslint-utils
124 silly fetchNamedPackageData eslint-visitor-keys
125 silly mapToRegistry name eslint-visitor-keys
126 silly mapToRegistry using default registry
127 silly mapToRegistry registry https://registry.npmjs.org/
128 silly mapToRegistry uri https://registry.npmjs.org/eslint-visitor-keys
129 silly fetchNamedPackageData espree
130 silly mapToRegistry name espree
131 silly mapToRegistry using default registry
132 silly mapToRegistry registry https://registry.npmjs.org/
133 silly mapToRegistry uri https://registry.npmjs.org/espree
134 silly fetchNamedPackageData esquery
135 silly mapToRegistry name esquery
136 silly mapToRegistry using default registry
137 silly mapToRegistry registry https://registry.npmjs.org/
138 silly mapToRegistry uri https://registry.npmjs.org/esquery
139 silly fetchNamedPackageData esutils
140 silly mapToRegistry name esutils
141 silly mapToRegistry using default registry
142 silly mapToRegistry registry https://registry.npmjs.org/
143 silly mapToRegistry uri https://registry.npmjs.org/esutils
144 silly fetchNamedPackageData fast-deep-equal
145 silly mapToRegistry name fast-deep-equal
146 silly mapToRegistry using default registry
147 silly mapToRegistry registry https://registry.npmjs.org/
148 silly mapToRegistry uri https://registry.npmjs.org/fast-deep-equal
149 silly fetchNamedPackageData file-entry-cache
150 silly mapToRegistry name file-entry-cache
151 silly mapToRegistry using default registry
152 silly mapToRegistry registry https://registry.npmjs.org/
153 silly mapToRegistry uri https://registry.npmjs.org/file-entry-cache
154 silly fetchNamedPackageData find-up
155 silly mapToRegistry name find-up
156 silly mapToRegistry using default registry
157 silly mapToRegistry registry https://registry.npmjs.org/
158 silly mapToRegistry uri https://registry.npmjs.org/find-up
159 silly fetchNamedPackageData glob-parent
160 silly mapToRegistry name glob-parent
161 silly mapToRegistry using default registry
162 silly mapToRegistry registry https://registry.npmjs.org/
163 silly mapToRegistry uri https://registry.npmjs.org/glob-parent
164 silly fetchNamedPackageData globals
165 silly mapToRegistry name globals
166 silly mapToRegistry using default registry
167 silly mapToRegistry registry https://registry.npmjs.org/
168 silly mapToRegistry uri https://registry.npmjs.org/globals
169 silly fetchNamedPackageData globby
170 silly mapToRegistry name globby
171 silly mapToRegistry using default registry
172 silly mapToRegistry registry https://registry.npmjs.org/
173 silly mapToRegistry uri https://registry.npmjs.org/globby
174 silly fetchNamedPackageData grapheme-splitter
175 silly mapToRegistry name grapheme-splitter
176 silly mapToRegistry using default registry
177 silly mapToRegistry registry https://registry.npmjs.org/
178 silly mapToRegistry uri https://registry.npmjs.org/grapheme-splitter
179 silly fetchNamedPackageData ignore
180 silly mapToRegistry name ignore
181 silly mapToRegistry using default registry
182 silly mapToRegistry registry https://registry.npmjs.org/
183 silly mapToRegistry uri https://registry.npmjs.org/ignore
184 silly fetchNamedPackageData import-fresh
185 silly mapToRegistry name import-fresh
186 silly mapToRegistry using default registry
187 silly mapToRegistry registry https://registry.npmjs.org/
188 silly mapToRegistry uri https://registry.npmjs.org/import-fresh
189 silly fetchNamedPackageData imurmurhash
190 silly mapToRegistry name imurmurhash
191 silly mapToRegistry using default registry
192 silly mapToRegistry registry https://registry.npmjs.org/
193 silly mapToRegistry uri https://registry.npmjs.org/imurmurhash
194 silly fetchNamedPackageData is-glob
195 silly mapToRegistry name is-glob
196 silly mapToRegistry using default registry
197 silly mapToRegistry registry https://registry.npmjs.org/
198 silly mapToRegistry uri https://registry.npmjs.org/is-glob
199 silly fetchNamedPackageData js-sdsl
200 silly mapToRegistry name js-sdsl
201 silly mapToRegistry using default registry
202 silly mapToRegistry registry https://registry.npmjs.org/
203 silly mapToRegistry uri https://registry.npmjs.org/js-sdsl
204 silly fetchNamedPackageData js-yaml
205 silly mapToRegistry name js-yaml
206 silly mapToRegistry using default registry
207 silly mapToRegistry registry https://registry.npmjs.org/
208 silly mapToRegistry uri https://registry.npmjs.org/js-yaml
209 silly fetchNamedPackageData json-stable-stringify-without-jsonify
210 silly mapToRegistry name json-stable-stringify-without-jsonify
211 silly mapToRegistry using default registry
212 silly mapToRegistry registry https://registry.npmjs.org/
213 silly mapToRegistry uri https://registry.npmjs.org/json-stable-stringify-without-jsonify
214 silly fetchNamedPackageData levn
215 silly mapToRegistry name levn
216 silly mapToRegistry using default registry
217 silly mapToRegistry registry https://registry.npmjs.org/
218 silly mapToRegistry uri https://registry.npmjs.org/levn
219 silly fetchNamedPackageData lodash.merge
220 silly mapToRegistry name lodash.merge
221 silly mapToRegistry using default registry
222 silly mapToRegistry registry https://registry.npmjs.org/
223 silly mapToRegistry uri https://registry.npmjs.org/lodash.merge
224 silly fetchNamedPackageData minimatch
225 silly mapToRegistry name minimatch
226 silly mapToRegistry using default registry
227 silly mapToRegistry registry https://registry.npmjs.org/
228 silly mapToRegistry uri https://registry.npmjs.org/minimatch
229 silly fetchNamedPackageData natural-compare
230 silly mapToRegistry name natural-compare
231 silly mapToRegistry using default registry
232 silly mapToRegistry registry https://registry.npmjs.org/
233 silly mapToRegistry uri https://registry.npmjs.org/natural-compare
234 silly fetchNamedPackageData optionator
235 silly mapToRegistry name optionator
236 silly mapToRegistry using default registry
237 silly mapToRegistry registry https://registry.npmjs.org/
238 silly mapToRegistry uri https://registry.npmjs.org/optionator
239 silly fetchNamedPackageData regexpp
240 silly mapToRegistry name regexpp
241 silly mapToRegistry using default registry
242 silly mapToRegistry registry https://registry.npmjs.org/
243 silly mapToRegistry uri https://registry.npmjs.org/regexpp
244 silly fetchNamedPackageData strip-ansi
245 silly mapToRegistry name strip-ansi
246 silly mapToRegistry using default registry
247 silly mapToRegistry registry https://registry.npmjs.org/
248 silly mapToRegistry uri https://registry.npmjs.org/strip-ansi
249 silly fetchNamedPackageData strip-json-comments
250 silly mapToRegistry name strip-json-comments
251 silly mapToRegistry using default registry
252 silly mapToRegistry registry https://registry.npmjs.org/
253 silly mapToRegistry uri https://registry.npmjs.org/strip-json-comments
254 silly fetchNamedPackageData text-table
255 silly mapToRegistry name text-table
256 silly mapToRegistry using default registry
257 silly mapToRegistry registry https://registry.npmjs.org/
258 silly mapToRegistry uri https://registry.npmjs.org/text-table
259 verbose request uri https://registry.npmjs.org/@humanwhocodes%2fconfig-array
260 verbose request no auth needed
261 info attempt registry request try #1 at 6:59:57 PM
262 verbose etag W/"cf1233ac826a9fae1ba9c55e3aa3998c"
263 verbose lastModified Fri, 29 Jul 2022 18:26:19 GMT
264 http request GET https://registry.npmjs.org/@humanwhocodes%2fconfig-array
265 verbose request uri https://registry.npmjs.org/@humanwhocodes%2fgitignore-to-minimatch
266 verbose request no auth needed
267 info attempt registry request try #1 at 6:59:57 PM
268 verbose etag W/"6d23700c037d5fc70088f04961f1d1d8"
269 verbose lastModified Tue, 05 Apr 2022 18:47:29 GMT
270 http request GET https://registry.npmjs.org/@humanwhocodes%2fgitignore-to-minimatch
271 verbose request uri https://registry.npmjs.org/@humanwhocodes%2fmodule-importer
272 verbose request no auth needed
273 info attempt registry request try #1 at 6:59:57 PM
274 verbose etag W/"573853d05d3e4431140a208ee9f085cd"
275 verbose lastModified Thu, 18 Aug 2022 17:55:53 GMT
276 http request GET https://registry.npmjs.org/@humanwhocodes%2fmodule-importer
277 verbose request uri https://registry.npmjs.org/chalk
278 verbose request no auth needed
279 info attempt registry request try #1 at 6:59:57 PM
280 verbose etag W/"7e89694a58ccdd0ee0c4c56b4bdd868b"
281 verbose lastModified Fri, 26 Aug 2022 22:48:01 GMT
282 http request GET https://registry.npmjs.org/chalk
283 verbose request uri https://registry.npmjs.org/@eslint%2feslintrc
284 verbose request no auth needed
285 info attempt registry request try #1 at 6:59:57 PM
286 verbose etag W/"ab3474a6a72e5a2e8755f8a473b352fe"
287 verbose lastModified Mon, 12 Sep 2022 04:58:46 GMT
288 http request GET https://registry.npmjs.org/@eslint%2feslintrc
289 verbose request uri https://registry.npmjs.org/escape-string-regexp
290 verbose request no auth needed
291 info attempt registry request try #1 at 6:59:57 PM
292 verbose etag W/"777ed1da097a91c2c73c4ef2b04be56a"
293 verbose lastModified Fri, 17 Jun 2022 17:22:40 GMT
294 http request GET https://registry.npmjs.org/escape-string-regexp
295 verbose request uri https://registry.npmjs.org/eslint-scope
296 verbose request no auth needed
297 info attempt registry request try #1 at 6:59:57 PM
298 verbose etag W/"f630448fdb6e268afa9ea6373708c880"
299 verbose lastModified Fri, 17 Jun 2022 20:46:00 GMT
300 http request GET https://registry.npmjs.org/eslint-scope
301 verbose request uri https://registry.npmjs.org/doctrine
302 verbose request no auth needed
303 info attempt registry request try #1 at 6:59:57 PM
304 verbose etag W/"fb6897240e948c0e8bd6e8fe01d2b2f3"
305 verbose lastModified Wed, 15 Jun 2022 20:25:25 GMT
306 http request GET https://registry.npmjs.org/doctrine
307 verbose request uri https://registry.npmjs.org/eslint-utils
308 verbose request no auth needed
309 info attempt registry request try #1 at 6:59:57 PM
310 verbose etag W/"8f2437b64b0e1a7134e3dd1a0523bd09"
311 verbose lastModified Sun, 01 May 2022 17:19:20 GMT
312 http request GET https://registry.npmjs.org/eslint-utils
313 verbose request uri https://registry.npmjs.org/espree
314 verbose request no auth needed
315 info attempt registry request try #1 at 6:59:57 PM
316 verbose etag W/"f9405ddc153925bb96e0b519a9d0a3b3"
317 verbose lastModified Fri, 26 Aug 2022 21:37:06 GMT
318 http request GET https://registry.npmjs.org/espree
319 verbose request uri https://registry.npmjs.org/esquery
320 verbose request no auth needed
321 info attempt registry request try #1 at 6:59:57 PM
322 verbose etag W/"930bab2af55c0c891a98245cfc920456"
323 verbose lastModified Fri, 17 Jun 2022 20:52:56 GMT
324 http request GET https://registry.npmjs.org/esquery
325 verbose request uri https://registry.npmjs.org/esutils
326 verbose request no auth needed
327 info attempt registry request try #1 at 6:59:57 PM
328 verbose etag W/"a7e595d9465a833aa8a21120f5e17c0a"
329 verbose lastModified Fri, 17 Jun 2022 20:59:11 GMT
330 http request GET https://registry.npmjs.org/esutils
331 verbose request uri https://registry.npmjs.org/fast-deep-equal
332 verbose request no auth needed
333 info attempt registry request try #1 at 6:59:57 PM
334 verbose etag W/"27ceab0e5345c4b40989503647d63526"
335 verbose lastModified Fri, 17 Jun 2022 23:35:21 GMT
336 http request GET https://registry.npmjs.org/fast-deep-equal
337 verbose request uri https://registry.npmjs.org/file-entry-cache
338 verbose request no auth needed
339 info attempt registry request try #1 at 6:59:57 PM
340 verbose etag W/"c4f178b823fc0702adaa95f7b851f36d"
341 verbose lastModified Sat, 18 Jun 2022 00:35:29 GMT
342 http request GET https://registry.npmjs.org/file-entry-cache
343 verbose request uri https://registry.npmjs.org/find-up
344 verbose request no auth needed
345 info attempt registry request try #1 at 6:59:57 PM
346 verbose etag W/"0045f9740468dd03423e6196566d6db6"
347 verbose lastModified Sat, 18 Jun 2022 00:56:27 GMT
348 http request GET https://registry.npmjs.org/find-up
349 verbose request uri https://registry.npmjs.org/ajv
350 verbose request no auth needed
351 info attempt registry request try #1 at 6:59:57 PM
352 verbose etag W/"7fdef3b82e6d6f5fd81061c3562e1019"
353 verbose lastModified Mon, 13 Jun 2022 02:34:03 GMT
354 http request GET https://registry.npmjs.org/ajv
355 verbose request uri https://registry.npmjs.org/globals
356 verbose request no auth needed
357 info attempt registry request try #1 at 6:59:57 PM
358 verbose etag W/"87839496b4cee1cb7d002d1306541e57"
359 verbose lastModified Thu, 21 Jul 2022 08:16:43 GMT
360 http request GET https://registry.npmjs.org/globals
361 verbose request uri https://registry.npmjs.org/globby
362 verbose request no auth needed
363 info attempt registry request try #1 at 6:59:57 PM
364 verbose etag W/"f341b2570ef1b27e34c180a2167b031a"
365 verbose lastModified Sat, 18 Jun 2022 12:57:50 GMT
366 http request GET https://registry.npmjs.org/globby
367 verbose request uri https://registry.npmjs.org/eslint-visitor-keys
368 verbose request no auth needed
369 info attempt registry request try #1 at 6:59:57 PM
370 verbose etag W/"7a98c77cc0238e5cebd96250ff7449fe"
371 verbose lastModified Sun, 01 May 2022 17:19:28 GMT
372 http request GET https://registry.npmjs.org/eslint-visitor-keys
373 verbose request uri https://registry.npmjs.org/grapheme-splitter
374 verbose request no auth needed
375 info attempt registry request try #1 at 6:59:57 PM
376 verbose etag W/"325a7e89139c02446ba1127710736c10"
377 verbose lastModified Sat, 18 Jun 2022 13:52:12 GMT
378 http request GET https://registry.npmjs.org/grapheme-splitter
379 verbose request uri https://registry.npmjs.org/ignore
380 verbose request no auth needed
381 info attempt registry request try #1 at 6:59:57 PM
382 verbose etag W/"c2abab5529149ae73083a8d8980c71da"
383 verbose lastModified Sun, 19 Jun 2022 00:22:05 GMT
384 http request GET https://registry.npmjs.org/ignore
385 verbose request uri https://registry.npmjs.org/import-fresh
386 verbose request no auth needed
387 info attempt registry request try #1 at 6:59:57 PM
388 verbose etag W/"b0a95508ad87e0c6842c34851ee6bd65"
389 verbose lastModified Sun, 19 Jun 2022 00:53:43 GMT
390 http request GET https://registry.npmjs.org/import-fresh
391 verbose request uri https://registry.npmjs.org/imurmurhash
392 verbose request no auth needed
393 info attempt registry request try #1 at 6:59:57 PM
394 verbose etag W/"d073868dea274007f24bf6cc80bdabfa"
395 verbose lastModified Sun, 19 Jun 2022 00:57:19 GMT
396 http request GET https://registry.npmjs.org/imurmurhash
397 verbose request uri https://registry.npmjs.org/is-glob
398 verbose request no auth needed
399 info attempt registry request try #1 at 6:59:57 PM
400 verbose etag W/"562c833dd5de9ca6d5483f99da1c3fd3"
401 verbose lastModified Sun, 19 Jun 2022 02:42:17 GMT
402 http request GET https://registry.npmjs.org/is-glob
403 verbose request uri https://registry.npmjs.org/js-sdsl
404 verbose request no auth needed
405 info attempt registry request try #1 at 6:59:57 PM
406 verbose etag W/"1cd48462135ae64f7722e36d33bd9cc6"
407 verbose lastModified Sun, 18 Sep 2022 09:08:49 GMT
408 http request GET https://registry.npmjs.org/js-sdsl
409 verbose request uri https://registry.npmjs.org/js-yaml
410 verbose request no auth needed
411 info attempt registry request try #1 at 6:59:58 PM
412 verbose etag W/"8748b3ef6c0da130d6d4339dcfc1ddb5"
413 verbose lastModified Sun, 19 Jun 2022 05:47:22 GMT
414 http request GET https://registry.npmjs.org/js-yaml
415 verbose request uri https://registry.npmjs.org/levn
416 verbose request no auth needed
417 info attempt registry request try #1 at 6:59:58 PM
418 verbose etag W/"aa70863c17bedaf7d53d3f9b7692c8b1"
419 verbose lastModified Sun, 19 Jun 2022 11:54:52 GMT
420 http request GET https://registry.npmjs.org/levn
421 verbose request uri https://registry.npmjs.org/lodash.merge
422 verbose request no auth needed
423 info attempt registry request try #1 at 6:59:58 PM
424 verbose etag W/"c495d94b485a90af1ad26b4bfb7824be"
425 verbose lastModified Sun, 19 Jun 2022 13:36:45 GMT
426 http request GET https://registry.npmjs.org/lodash.merge
427 verbose request uri https://registry.npmjs.org/natural-compare
428 verbose request no auth needed
429 info attempt registry request try #1 at 6:59:58 PM
430 verbose etag W/"c99e2e81a20f6845ea2169b6ba40c96b"
431 verbose lastModified Mon, 20 Jun 2022 21:54:52 GMT
432 http request GET https://registry.npmjs.org/natural-compare
433 verbose request uri https://registry.npmjs.org/optionator
434 verbose request no auth needed
435 info attempt registry request try #1 at 6:59:58 PM
436 verbose etag W/"12474b1913e835c760941ab28aff79f0"
437 verbose lastModified Thu, 23 Jun 2022 01:21:17 GMT
438 http request GET https://registry.npmjs.org/optionator
439 verbose request uri https://registry.npmjs.org/regexpp
440 verbose request no auth needed
441 info attempt registry request try #1 at 6:59:58 PM
442 verbose etag W/"e65daf6d847972d85c500142fd236592"
443 verbose lastModified Sun, 15 May 2022 17:03:12 GMT
444 http request GET https://registry.npmjs.org/regexpp
445 verbose request uri https://registry.npmjs.org/strip-ansi
446 verbose request no auth needed
447 info attempt registry request try #1 at 6:59:58 PM
448 verbose etag W/"e8a2bc5d1b0572d6705b607e4b956dfd"
449 verbose lastModified Mon, 27 Jun 2022 01:11:49 GMT
450 http request GET https://registry.npmjs.org/strip-ansi
451 verbose request uri https://registry.npmjs.org/strip-json-comments
452 verbose request no auth needed
453 info attempt registry request try #1 at 6:59:58 PM
454 verbose etag W/"fb33f5af1624533c32cd12a9f85ad67c"
455 verbose lastModified Fri, 22 Jul 2022 09:48:15 GMT
456 http request GET https://registry.npmjs.org/strip-json-comments
457 verbose request uri https://registry.npmjs.org/minimatch
458 verbose request no auth needed
459 info attempt registry request try #1 at 6:59:58 PM
460 verbose etag W/"1e30160b2c01a71d2526297047a1be15"
461 verbose lastModified Sun, 19 Jun 2022 21:21:42 GMT
462 http request GET https://registry.npmjs.org/minimatch
463 verbose request uri https://registry.npmjs.org/json-stable-stringify-without-jsonify
464 verbose request no auth needed
465 info attempt registry request try #1 at 6:59:58 PM
466 verbose etag W/"3327745153662605fd76b242ef52888b"
467 verbose lastModified Sun, 19 Jun 2022 06:26:46 GMT
468 http request GET https://registry.npmjs.org/json-stable-stringify-without-jsonify
469 verbose request uri https://registry.npmjs.org/text-table
470 verbose request no auth needed
471 info attempt registry request try #1 at 6:59:58 PM
472 verbose etag W/"3ab3134504a0909653e279b431550795"
473 verbose lastModified Mon, 27 Jun 2022 05:43:05 GMT
474 http request GET https://registry.npmjs.org/text-table
475 verbose request uri https://registry.npmjs.org/cross-spawn
476 verbose request no auth needed
477 info attempt registry request try #1 at 6:59:58 PM
478 verbose etag W/"6d8a1e12ecf935857e3cee4b2605773b"
479 verbose lastModified Tue, 14 Jun 2022 03:41:17 GMT
480 http request GET https://registry.npmjs.org/cross-spawn
481 verbose request uri https://registry.npmjs.org/debug
482 verbose request no auth needed
483 info attempt registry request try #1 at 6:59:59 PM
484 verbose etag W/"51d9616cb0ee2b212bcf304eb7700c56"
485 verbose lastModified Tue, 09 Aug 2022 12:45:46 GMT
486 http request GET https://registry.npmjs.org/debug
487 verbose request uri https://registry.npmjs.org/glob-parent
488 verbose request no auth needed
489 info attempt registry request try #1 at 6:59:59 PM
490 verbose etag W/"af32bbddd722255065f186eba7eade5b"
491 verbose lastModified Sat, 18 Jun 2022 12:54:25 GMT
492 http request GET https://registry.npmjs.org/glob-parent
493 http 304 https://registry.npmjs.org/@humanwhocodes%2fconfig-array
494 verbose headers { date: 'Mon, 19 Sep 2022 18:59:57 GMT',
494 verbose headers   connection: 'keep-alive',
494 verbose headers   'cf-ray': '74d48fbadaee8244-IAD',
494 verbose headers   age: '270',
494 verbose headers   'cache-control': 'public, max-age=300',
494 verbose headers   etag: '"cf1233ac826a9fae1ba9c55e3aa3998c"',
494 verbose headers   'last-modified': 'Fri, 29 Jul 2022 18:26:19 GMT',
494 verbose headers   vary: 'Accept-Encoding',
494 verbose headers   'cf-cache-status': 'HIT',
494 verbose headers   'x-amz-replication-status': 'PENDING',
494 verbose headers   server: 'cloudflare' }
495 silly get cb [ 304,
495 silly get   { date: 'Mon, 19 Sep 2022 18:59:57 GMT',
495 silly get     connection: 'keep-alive',
495 silly get     'cf-ray': '74d48fbadaee8244-IAD',
495 silly get     age: '270',
495 silly get     'cache-control': 'public, max-age=300',
495 silly get     etag: '"cf1233ac826a9fae1ba9c55e3aa3998c"',
495 silly get     'last-modified': 'Fri, 29 Jul 2022 18:26:19 GMT',
495 silly get     vary: 'Accept-Encoding',
495 silly get     'cf-cache-status': 'HIT',
495 silly get     'x-amz-replication-status': 'PENDING',
495 silly get     server: 'cloudflare' } ]
496 verbose etag https://registry.npmjs.org/@humanwhocodes%2fconfig-array from cache
497 verbose get saving @humanwhocodes/config-array to /root/.npm/registry.npmjs.org/_40humanwhocodes_252fconfig-array/.cache.json
498 http 304 https://registry.npmjs.org/eslint-scope
499 verbose headers { date: 'Mon, 19 Sep 2022 18:59:59 GMT',
499 verbose headers   connection: 'keep-alive',
499 verbose headers   'cf-ray': '74d48fc6bb105776-IAD',
499 verbose headers   age: '265',
499 verbose headers   'cache-control': 'public, max-age=300',
499 verbose headers   etag: '"f630448fdb6e268afa9ea6373708c880"',
499 verbose headers   'last-modified': 'Fri, 17 Jun 2022 20:46:00 GMT',
499 verbose headers   vary: 'Accept-Encoding',
499 verbose headers   'cf-cache-status': 'HIT',
499 verbose headers   'x-amz-replication-status': 'COMPLETED',
499 verbose headers   server: 'cloudflare' }
500 silly get cb [ 304,
500 silly get   { date: 'Mon, 19 Sep 2022 18:59:59 GMT',
500 silly get     connection: 'keep-alive',
500 silly get     'cf-ray': '74d48fc6bb105776-IAD',
500 silly get     age: '265',
500 silly get     'cache-control': 'public, max-age=300',
500 silly get     etag: '"f630448fdb6e268afa9ea6373708c880"',
500 silly get     'last-modified': 'Fri, 17 Jun 2022 20:46:00 GMT',
500 silly get     vary: 'Accept-Encoding',
500 silly get     'cf-cache-status': 'HIT',
500 silly get     'x-amz-replication-status': 'COMPLETED',
500 silly get     server: 'cloudflare' } ]
501 verbose etag https://registry.npmjs.org/eslint-scope from cache
502 verbose get saving eslint-scope to /root/.npm/registry.npmjs.org/eslint-scope/.cache.json
503 http 304 https://registry.npmjs.org/js-sdsl
504 verbose headers { date: 'Mon, 19 Sep 2022 18:59:59 GMT',
504 verbose headers   connection: 'keep-alive',
504 verbose headers   'cf-ray': '74d48fc6cde4825a-IAD',
504 verbose headers   age: '256',
504 verbose headers   'cache-control': 'public, max-age=300',
504 verbose headers   etag: '"1cd48462135ae64f7722e36d33bd9cc6"',
504 verbose headers   'last-modified': 'Sun, 18 Sep 2022 09:08:49 GMT',
504 verbose headers   vary: 'Accept-Encoding',
504 verbose headers   'cf-cache-status': 'HIT',
504 verbose headers   'x-amz-replication-status': 'PENDING',
504 verbose headers   server: 'cloudflare' }
505 silly get cb [ 304,
505 silly get   { date: 'Mon, 19 Sep 2022 18:59:59 GMT',
505 silly get     connection: 'keep-alive',
505 silly get     'cf-ray': '74d48fc6cde4825a-IAD',
505 silly get     age: '256',
505 silly get     'cache-control': 'public, max-age=300',
505 silly get     etag: '"1cd48462135ae64f7722e36d33bd9cc6"',
505 silly get     'last-modified': 'Sun, 18 Sep 2022 09:08:49 GMT',
505 silly get     vary: 'Accept-Encoding',
505 silly get     'cf-cache-status': 'HIT',
505 silly get     'x-amz-replication-status': 'PENDING',
505 silly get     server: 'cloudflare' } ]
506 verbose etag https://registry.npmjs.org/js-sdsl from cache
507 verbose get saving js-sdsl to /root/.npm/registry.npmjs.org/js-sdsl/.cache.json
508 http 304 https://registry.npmjs.org/escape-string-regexp
509 verbose headers { date: 'Mon, 19 Sep 2022 18:59:59 GMT',
509 verbose headers   connection: 'keep-alive',
509 verbose headers   'cf-ray': '74d48fc6ce35800f-IAD',
509 verbose headers   age: '229',
509 verbose headers   'cache-control': 'public, max-age=300',
509 verbose headers   etag: '"777ed1da097a91c2c73c4ef2b04be56a"',
509 verbose headers   'last-modified': 'Fri, 17 Jun 2022 17:22:40 GMT',
509 verbose headers   vary: 'Accept-Encoding',
509 verbose headers   'cf-cache-status': 'HIT',
509 verbose headers   'x-amz-replication-status': 'COMPLETED',
509 verbose headers   server: 'cloudflare' }
510 silly get cb [ 304,
510 silly get   { date: 'Mon, 19 Sep 2022 18:59:59 GMT',
510 silly get     connection: 'keep-alive',
510 silly get     'cf-ray': '74d48fc6ce35800f-IAD',
510 silly get     age: '229',
510 silly get     'cache-control': 'public, max-age=300',
510 silly get     etag: '"777ed1da097a91c2c73c4ef2b04be56a"',
510 silly get     'last-modified': 'Fri, 17 Jun 2022 17:22:40 GMT',
510 silly get     vary: 'Accept-Encoding',
510 silly get     'cf-cache-status': 'HIT',
510 silly get     'x-amz-replication-status': 'COMPLETED',
510 silly get     server: 'cloudflare' } ]
511 verbose etag https://registry.npmjs.org/escape-string-regexp from cache
512 verbose get saving escape-string-regexp to /root/.npm/registry.npmjs.org/escape-string-regexp/.cache.json
513 http 304 https://registry.npmjs.org/optionator
514 verbose headers { date: 'Mon, 19 Sep 2022 18:59:59 GMT',
514 verbose headers   connection: 'keep-alive',
514 verbose headers   'cf-ray': '74d48fc6ccc5595b-IAD',
514 verbose headers   age: '144',
514 verbose headers   'cache-control': 'public, max-age=300',
514 verbose headers   etag: '"12474b1913e835c760941ab28aff79f0"',
514 verbose headers   'last-modified': 'Thu, 23 Jun 2022 01:21:17 GMT',
514 verbose headers   vary: 'Accept-Encoding',
514 verbose headers   'cf-cache-status': 'HIT',
514 verbose headers   'x-amz-replication-status': 'COMPLETED',
514 verbose headers   server: 'cloudflare' }
515 silly get cb [ 304,
515 silly get   { date: 'Mon, 19 Sep 2022 18:59:59 GMT',
515 silly get     connection: 'keep-alive',
515 silly get     'cf-ray': '74d48fc6ccc5595b-IAD',
515 silly get     age: '144',
515 silly get     'cache-control': 'public, max-age=300',
515 silly get     etag: '"12474b1913e835c760941ab28aff79f0"',
515 silly get     'last-modified': 'Thu, 23 Jun 2022 01:21:17 GMT',
515 silly get     vary: 'Accept-Encoding',
515 silly get     'cf-cache-status': 'HIT',
515 silly get     'x-amz-replication-status': 'COMPLETED',
515 silly get     server: 'cloudflare' } ]
516 verbose etag https://registry.npmjs.org/optionator from cache
517 verbose get saving optionator to /root/.npm/registry.npmjs.org/optionator/.cache.json
518 http 304 https://registry.npmjs.org/levn
519 verbose headers { date: 'Mon, 19 Sep 2022 18:59:59 GMT',
519 verbose headers   connection: 'keep-alive',
519 verbose headers   'cf-ray': '74d48fc6ce3e82b7-IAD',
519 verbose headers   age: '27',
519 verbose headers   'cache-control': 'public, max-age=300',
519 verbose headers   etag: '"aa70863c17bedaf7d53d3f9b7692c8b1"',
519 verbose headers   'last-modified': 'Sun, 19 Jun 2022 11:54:52 GMT',
519 verbose headers   vary: 'Accept-Encoding',
519 verbose headers   'cf-cache-status': 'HIT',
519 verbose headers   'x-amz-replication-status': 'PENDING',
519 verbose headers   server: 'cloudflare' }
520 silly get cb [ 304,
520 silly get   { date: 'Mon, 19 Sep 2022 18:59:59 GMT',
520 silly get     connection: 'keep-alive',
520 silly get     'cf-ray': '74d48fc6ce3e82b7-IAD',
520 silly get     age: '27',
520 silly get     'cache-control': 'public, max-age=300',
520 silly get     etag: '"aa70863c17bedaf7d53d3f9b7692c8b1"',
520 silly get     'last-modified': 'Sun, 19 Jun 2022 11:54:52 GMT',
520 silly get     vary: 'Accept-Encoding',
520 silly get     'cf-cache-status': 'HIT',
520 silly get     'x-amz-replication-status': 'PENDING',
520 silly get     server: 'cloudflare' } ]
521 verbose etag https://registry.npmjs.org/levn from cache
522 verbose get saving levn to /root/.npm/registry.npmjs.org/levn/.cache.json
523 http 304 https://registry.npmjs.org/ignore
524 verbose headers { date: 'Mon, 19 Sep 2022 18:59:59 GMT',
524 verbose headers   connection: 'keep-alive',
524 verbose headers   'cf-ray': '74d48fc6ceb1802a-IAD',
524 verbose headers   age: '56',
524 verbose headers   'cache-control': 'public, max-age=300',
524 verbose headers   etag: '"c2abab5529149ae73083a8d8980c71da"',
524 verbose headers   'last-modified': 'Sun, 19 Jun 2022 00:22:05 GMT',
524 verbose headers   vary: 'Accept-Encoding',
524 verbose headers   'cf-cache-status': 'HIT',
524 verbose headers   'x-amz-replication-status': 'COMPLETED',
524 verbose headers   server: 'cloudflare' }
525 silly get cb [ 304,
525 silly get   { date: 'Mon, 19 Sep 2022 18:59:59 GMT',
525 silly get     connection: 'keep-alive',
525 silly get     'cf-ray': '74d48fc6ceb1802a-IAD',
525 silly get     age: '56',
525 silly get     'cache-control': 'public, max-age=300',
525 silly get     etag: '"c2abab5529149ae73083a8d8980c71da"',
525 silly get     'last-modified': 'Sun, 19 Jun 2022 00:22:05 GMT',
525 silly get     vary: 'Accept-Encoding',
525 silly get     'cf-cache-status': 'HIT',
525 silly get     'x-amz-replication-status': 'COMPLETED',
525 silly get     server: 'cloudflare' } ]
526 verbose etag https://registry.npmjs.org/ignore from cache
527 verbose get saving ignore to /root/.npm/registry.npmjs.org/ignore/.cache.json
528 http 304 https://registry.npmjs.org/strip-json-comments
529 verbose headers { date: 'Mon, 19 Sep 2022 18:59:59 GMT',
529 verbose headers   connection: 'keep-alive',
529 verbose headers   'cf-ray': '74d48fc6cbe88003-IAD',
529 verbose headers   age: '121',
529 verbose headers   'cache-control': 'public, max-age=300',
529 verbose headers   etag: '"fb33f5af1624533c32cd12a9f85ad67c"',
529 verbose headers   'last-modified': 'Fri, 22 Jul 2022 09:48:15 GMT',
529 verbose headers   vary: 'Accept-Encoding',
529 verbose headers   'cf-cache-status': 'HIT',
529 verbose headers   'x-amz-replication-status': 'PENDING',
529 verbose headers   server: 'cloudflare' }
530 silly get cb [ 304,
530 silly get   { date: 'Mon, 19 Sep 2022 18:59:59 GMT',
530 silly get     connection: 'keep-alive',
530 silly get     'cf-ray': '74d48fc6cbe88003-IAD',
530 silly get     age: '121',
530 silly get     'cache-control': 'public, max-age=300',
530 silly get     etag: '"fb33f5af1624533c32cd12a9f85ad67c"',
530 silly get     'last-modified': 'Fri, 22 Jul 2022 09:48:15 GMT',
530 silly get     vary: 'Accept-Encoding',
530 silly get     'cf-cache-status': 'HIT',
530 silly get     'x-amz-replication-status': 'PENDING',
530 silly get     server: 'cloudflare' } ]
531 verbose etag https://registry.npmjs.org/strip-json-comments from cache
532 verbose get saving strip-json-comments to /root/.npm/registry.npmjs.org/strip-json-comments/.cache.json
533 http 304 https://registry.npmjs.org/espree
534 verbose headers { date: 'Mon, 19 Sep 2022 18:59:59 GMT',
534 verbose headers   connection: 'keep-alive',
534 verbose headers   'cf-ray': '74d48fc6bf6f586c-IAD',
534 verbose headers   age: '152',
534 verbose headers   'cache-control': 'public, max-age=300',
534 verbose headers   etag: '"f9405ddc153925bb96e0b519a9d0a3b3"',
534 verbose headers   'last-modified': 'Fri, 26 Aug 2022 21:37:06 GMT',
534 verbose headers   vary: 'Accept-Encoding',
534 verbose headers   'cf-cache-status': 'HIT',
534 verbose headers   'x-amz-replication-status': 'COMPLETED',
534 verbose headers   server: 'cloudflare' }
535 silly get cb [ 304,
535 silly get   { date: 'Mon, 19 Sep 2022 18:59:59 GMT',
535 silly get     connection: 'keep-alive',
535 silly get     'cf-ray': '74d48fc6bf6f586c-IAD',
535 silly get     age: '152',
535 silly get     'cache-control': 'public, max-age=300',
535 silly get     etag: '"f9405ddc153925bb96e0b519a9d0a3b3"',
535 silly get     'last-modified': 'Fri, 26 Aug 2022 21:37:06 GMT',
535 silly get     vary: 'Accept-Encoding',
535 silly get     'cf-cache-status': 'HIT',
535 silly get     'x-amz-replication-status': 'COMPLETED',
535 silly get     server: 'cloudflare' } ]
536 verbose etag https://registry.npmjs.org/espree from cache
537 verbose get saving espree to /root/.npm/registry.npmjs.org/espree/.cache.json
538 http 304 https://registry.npmjs.org/eslint-utils
539 verbose headers { date: 'Mon, 19 Sep 2022 18:59:59 GMT',
539 verbose headers   connection: 'keep-alive',
539 verbose headers   'cf-ray': '74d48fc6ba068192-IAD',
539 verbose headers   age: '115',
539 verbose headers   'cache-control': 'public, max-age=300',
539 verbose headers   etag: '"8f2437b64b0e1a7134e3dd1a0523bd09"',
539 verbose headers   'last-modified': 'Sun, 01 May 2022 17:19:20 GMT',
539 verbose headers   vary: 'Accept-Encoding',
539 verbose headers   'cf-cache-status': 'HIT',
539 verbose headers   'x-amz-replication-status': 'PENDING',
539 verbose headers   server: 'cloudflare' }
540 silly get cb [ 304,
540 silly get   { date: 'Mon, 19 Sep 2022 18:59:59 GMT',
540 silly get     connection: 'keep-alive',
540 silly get     'cf-ray': '74d48fc6ba068192-IAD',
540 silly get     age: '115',
540 silly get     'cache-control': 'public, max-age=300',
540 silly get     etag: '"8f2437b64b0e1a7134e3dd1a0523bd09"',
540 silly get     'last-modified': 'Sun, 01 May 2022 17:19:20 GMT',
540 silly get     vary: 'Accept-Encoding',
540 silly get     'cf-cache-status': 'HIT',
540 silly get     'x-amz-replication-status': 'PENDING',
540 silly get     server: 'cloudflare' } ]
541 verbose etag https://registry.npmjs.org/eslint-utils from cache
542 verbose get saving eslint-utils to /root/.npm/registry.npmjs.org/eslint-utils/.cache.json
543 http 304 https://registry.npmjs.org/minimatch
544 verbose headers { date: 'Mon, 19 Sep 2022 18:59:59 GMT',
544 verbose headers   connection: 'keep-alive',
544 verbose headers   'cf-ray': '74d48fc6ca879c54-IAD',
544 verbose headers   age: '237',
544 verbose headers   'cache-control': 'public, max-age=300',
544 verbose headers   etag: '"1e30160b2c01a71d2526297047a1be15"',
544 verbose headers   'last-modified': 'Sun, 19 Jun 2022 21:21:42 GMT',
544 verbose headers   vary: 'Accept-Encoding',
544 verbose headers   'cf-cache-status': 'HIT',
544 verbose headers   'x-amz-replication-status': 'COMPLETED',
544 verbose headers   server: 'cloudflare' }
545 silly get cb [ 304,
545 silly get   { date: 'Mon, 19 Sep 2022 18:59:59 GMT',
545 silly get     connection: 'keep-alive',
545 silly get     'cf-ray': '74d48fc6ca879c54-IAD',
545 silly get     age: '237',
545 silly get     'cache-control': 'public, max-age=300',
545 silly get     etag: '"1e30160b2c01a71d2526297047a1be15"',
545 silly get     'last-modified': 'Sun, 19 Jun 2022 21:21:42 GMT',
545 silly get     vary: 'Accept-Encoding',
545 silly get     'cf-cache-status': 'HIT',
545 silly get     'x-amz-replication-status': 'COMPLETED',
545 silly get     server: 'cloudflare' } ]
546 verbose etag https://registry.npmjs.org/minimatch from cache
547 verbose get saving minimatch to /root/.npm/registry.npmjs.org/minimatch/.cache.json
548 http 304 https://registry.npmjs.org/find-up
549 verbose headers { date: 'Mon, 19 Sep 2022 18:59:59 GMT',
549 verbose headers   connection: 'keep-alive',
549 verbose headers   'cf-ray': '74d48fc6c9ee56c2-IAD',
549 verbose headers   age: '145',
549 verbose headers   'cache-control': 'public, max-age=300',
549 verbose headers   etag: '"0045f9740468dd03423e6196566d6db6"',
549 verbose headers   'last-modified': 'Sat, 18 Jun 2022 00:56:27 GMT',
549 verbose headers   vary: 'Accept-Encoding',
549 verbose headers   'cf-cache-status': 'HIT',
549 verbose headers   'x-amz-replication-status': 'COMPLETED',
549 verbose headers   server: 'cloudflare' }
550 silly get cb [ 304,
550 silly get   { date: 'Mon, 19 Sep 2022 18:59:59 GMT',
550 silly get     connection: 'keep-alive',
550 silly get     'cf-ray': '74d48fc6c9ee56c2-IAD',
550 silly get     age: '145',
550 silly get     'cache-control': 'public, max-age=300',
550 silly get     etag: '"0045f9740468dd03423e6196566d6db6"',
550 silly get     'last-modified': 'Sat, 18 Jun 2022 00:56:27 GMT',
550 silly get     vary: 'Accept-Encoding',
550 silly get     'cf-cache-status': 'HIT',
550 silly get     'x-amz-replication-status': 'COMPLETED',
550 silly get     server: 'cloudflare' } ]
551 verbose etag https://registry.npmjs.org/find-up from cache
552 verbose get saving find-up to /root/.npm/registry.npmjs.org/find-up/.cache.json
553 http 304 https://registry.npmjs.org/fast-deep-equal
554 verbose headers { date: 'Mon, 19 Sep 2022 18:59:59 GMT',
554 verbose headers   connection: 'keep-alive',
554 verbose headers   'cf-ray': '74d48fc6bead802a-IAD',
554 verbose headers   age: '153',
554 verbose headers   'cache-control': 'public, max-age=300',
554 verbose headers   etag: '"27ceab0e5345c4b40989503647d63526"',
554 verbose headers   'last-modified': 'Fri, 17 Jun 2022 23:35:21 GMT',
554 verbose headers   vary: 'Accept-Encoding',
554 verbose headers   'cf-cache-status': 'HIT',
554 verbose headers   'x-amz-replication-status': 'COMPLETED',
554 verbose headers   server: 'cloudflare' }
555 silly get cb [ 304,
555 silly get   { date: 'Mon, 19 Sep 2022 18:59:59 GMT',
555 silly get     connection: 'keep-alive',
555 silly get     'cf-ray': '74d48fc6bead802a-IAD',
555 silly get     age: '153',
555 silly get     'cache-control': 'public, max-age=300',
555 silly get     etag: '"27ceab0e5345c4b40989503647d63526"',
555 silly get     'last-modified': 'Fri, 17 Jun 2022 23:35:21 GMT',
555 silly get     vary: 'Accept-Encoding',
555 silly get     'cf-cache-status': 'HIT',
555 silly get     'x-amz-replication-status': 'COMPLETED',
555 silly get     server: 'cloudflare' } ]
556 verbose etag https://registry.npmjs.org/fast-deep-equal from cache
557 verbose get saving fast-deep-equal to /root/.npm/registry.npmjs.org/fast-deep-equal/.cache.json
558 http 304 https://registry.npmjs.org/glob-parent
559 verbose headers { date: 'Mon, 19 Sep 2022 18:59:59 GMT',
559 verbose headers   connection: 'keep-alive',
559 verbose headers   'cf-ray': '74d48fc6cdf181b2-IAD',
559 verbose headers   age: '113',
559 verbose headers   'cache-control': 'public, max-age=300',
559 verbose headers   etag: '"af32bbddd722255065f186eba7eade5b"',
559 verbose headers   'last-modified': 'Sat, 18 Jun 2022 12:54:25 GMT',
559 verbose headers   vary: 'Accept-Encoding',
559 verbose headers   'cf-cache-status': 'HIT',
559 verbose headers   'x-amz-replication-status': 'COMPLETED',
559 verbose headers   server: 'cloudflare' }
560 silly get cb [ 304,
560 silly get   { date: 'Mon, 19 Sep 2022 18:59:59 GMT',
560 silly get     connection: 'keep-alive',
560 silly get     'cf-ray': '74d48fc6cdf181b2-IAD',
560 silly get     age: '113',
560 silly get     'cache-control': 'public, max-age=300',
560 silly get     etag: '"af32bbddd722255065f186eba7eade5b"',
560 silly get     'last-modified': 'Sat, 18 Jun 2022 12:54:25 GMT',
560 silly get     vary: 'Accept-Encoding',
560 silly get     'cf-cache-status': 'HIT',
560 silly get     'x-amz-replication-status': 'COMPLETED',
560 silly get     server: 'cloudflare' } ]
561 verbose etag https://registry.npmjs.org/glob-parent from cache
562 verbose get saving glob-parent to /root/.npm/registry.npmjs.org/glob-parent/.cache.json
563 http 304 https://registry.npmjs.org/imurmurhash
564 verbose headers { date: 'Mon, 19 Sep 2022 18:59:59 GMT',
564 verbose headers   connection: 'keep-alive',
564 verbose headers   'cf-ray': '74d48fc6cc7e6fe9-IAD',
564 verbose headers   age: '20',
564 verbose headers   'cache-control': 'public, max-age=300',
564 verbose headers   etag: '"d073868dea274007f24bf6cc80bdabfa"',
564 verbose headers   'last-modified': 'Sun, 19 Jun 2022 00:57:19 GMT',
564 verbose headers   vary: 'Accept-Encoding',
564 verbose headers   'cf-cache-status': 'HIT',
564 verbose headers   'x-amz-replication-status': 'PENDING',
564 verbose headers   server: 'cloudflare' }
565 silly get cb [ 304,
565 silly get   { date: 'Mon, 19 Sep 2022 18:59:59 GMT',
565 silly get     connection: 'keep-alive',
565 silly get     'cf-ray': '74d48fc6cc7e6fe9-IAD',
565 silly get     age: '20',
565 silly get     'cache-control': 'public, max-age=300',
565 silly get     etag: '"d073868dea274007f24bf6cc80bdabfa"',
565 silly get     'last-modified': 'Sun, 19 Jun 2022 00:57:19 GMT',
565 silly get     vary: 'Accept-Encoding',
565 silly get     'cf-cache-status': 'HIT',
565 silly get     'x-amz-replication-status': 'PENDING',
565 silly get     server: 'cloudflare' } ]
566 verbose etag https://registry.npmjs.org/imurmurhash from cache
567 verbose get saving imurmurhash to /root/.npm/registry.npmjs.org/imurmurhash/.cache.json
568 http 304 https://registry.npmjs.org/eslint-visitor-keys
569 verbose headers { date: 'Mon, 19 Sep 2022 18:59:59 GMT',
569 verbose headers   connection: 'keep-alive',
569 verbose headers   'cf-ray': '74d48fc6bcd35dd9-IAD',
569 verbose headers   age: '266',
569 verbose headers   'cache-control': 'public, max-age=300',
569 verbose headers   etag: '"7a98c77cc0238e5cebd96250ff7449fe"',
569 verbose headers   'last-modified': 'Sun, 01 May 2022 17:19:28 GMT',
569 verbose headers   vary: 'Accept-Encoding',
569 verbose headers   'cf-cache-status': 'HIT',
569 verbose headers   'x-amz-replication-status': 'COMPLETED',
569 verbose headers   server: 'cloudflare' }
570 silly get cb [ 304,
570 silly get   { date: 'Mon, 19 Sep 2022 18:59:59 GMT',
570 silly get     connection: 'keep-alive',
570 silly get     'cf-ray': '74d48fc6bcd35dd9-IAD',
570 silly get     age: '266',
570 silly get     'cache-control': 'public, max-age=300',
570 silly get     etag: '"7a98c77cc0238e5cebd96250ff7449fe"',
570 silly get     'last-modified': 'Sun, 01 May 2022 17:19:28 GMT',
570 silly get     vary: 'Accept-Encoding',
570 silly get     'cf-cache-status': 'HIT',
570 silly get     'x-amz-replication-status': 'COMPLETED',
570 silly get     server: 'cloudflare' } ]
571 verbose etag https://registry.npmjs.org/eslint-visitor-keys from cache
572 verbose get saving eslint-visitor-keys to /root/.npm/registry.npmjs.org/eslint-visitor-keys/.cache.json
573 http 304 https://registry.npmjs.org/ajv
574 verbose headers { date: 'Mon, 19 Sep 2022 18:59:59 GMT',
574 verbose headers   connection: 'keep-alive',
574 verbose headers   'cf-ray': '74d48fc6cc2e57be-IAD',
574 verbose headers   age: '221',
574 verbose headers   'cache-control': 'public, max-age=300',
574 verbose headers   etag: '"7fdef3b82e6d6f5fd81061c3562e1019"',
574 verbose headers   'last-modified': 'Mon, 13 Jun 2022 02:34:03 GMT',
574 verbose headers   vary: 'Accept-Encoding',
574 verbose headers   'cf-cache-status': 'HIT',
574 verbose headers   'x-amz-replication-status': 'PENDING',
574 verbose headers   server: 'cloudflare' }
575 silly get cb [ 304,
575 silly get   { date: 'Mon, 19 Sep 2022 18:59:59 GMT',
575 silly get     connection: 'keep-alive',
575 silly get     'cf-ray': '74d48fc6cc2e57be-IAD',
575 silly get     age: '221',
575 silly get     'cache-control': 'public, max-age=300',
575 silly get     etag: '"7fdef3b82e6d6f5fd81061c3562e1019"',
575 silly get     'last-modified': 'Mon, 13 Jun 2022 02:34:03 GMT',
575 silly get     vary: 'Accept-Encoding',
575 silly get     'cf-cache-status': 'HIT',
575 silly get     'x-amz-replication-status': 'PENDING',
575 silly get     server: 'cloudflare' } ]
576 verbose etag https://registry.npmjs.org/ajv from cache
577 verbose get saving ajv to /root/.npm/registry.npmjs.org/ajv/.cache.json
578 http 304 https://registry.npmjs.org/text-table
579 verbose headers { date: 'Mon, 19 Sep 2022 18:59:59 GMT',
579 verbose headers   connection: 'keep-alive',
579 verbose headers   'cf-ray': '74d48fc6bacb8244-IAD',
579 verbose headers   age: '288',
579 verbose headers   'cache-control': 'public, max-age=300',
579 verbose headers   etag: '"3ab3134504a0909653e279b431550795"',
579 verbose headers   'last-modified': 'Mon, 27 Jun 2022 05:43:05 GMT',
579 verbose headers   vary: 'Accept-Encoding',
579 verbose headers   'cf-cache-status': 'HIT',
579 verbose headers   'x-amz-replication-status': 'COMPLETED',
579 verbose headers   server: 'cloudflare' }
580 silly get cb [ 304,
580 silly get   { date: 'Mon, 19 Sep 2022 18:59:59 GMT',
580 silly get     connection: 'keep-alive',
580 silly get     'cf-ray': '74d48fc6bacb8244-IAD',
580 silly get     age: '288',
580 silly get     'cache-control': 'public, max-age=300',
580 silly get     etag: '"3ab3134504a0909653e279b431550795"',
580 silly get     'last-modified': 'Mon, 27 Jun 2022 05:43:05 GMT',
580 silly get     vary: 'Accept-Encoding',
580 silly get     'cf-cache-status': 'HIT',
580 silly get     'x-amz-replication-status': 'COMPLETED',
580 silly get     server: 'cloudflare' } ]
581 verbose etag https://registry.npmjs.org/text-table from cache
582 verbose get saving text-table to /root/.npm/registry.npmjs.org/text-table/.cache.json
583 http 304 https://registry.npmjs.org/globby
584 verbose headers { date: 'Mon, 19 Sep 2022 18:59:59 GMT',
584 verbose headers   connection: 'keep-alive',
584 verbose headers   'cf-ray': '74d48fc6c86f6fb6-IAD',
584 verbose headers   age: '149',
584 verbose headers   'cache-control': 'public, max-age=300',
584 verbose headers   etag: '"f341b2570ef1b27e34c180a2167b031a"',
584 verbose headers   'last-modified': 'Sat, 18 Jun 2022 12:57:50 GMT',
584 verbose headers   vary: 'Accept-Encoding',
584 verbose headers   'cf-cache-status': 'HIT',
584 verbose headers   'x-amz-replication-status': 'PENDING',
584 verbose headers   server: 'cloudflare' }
585 silly get cb [ 304,
585 silly get   { date: 'Mon, 19 Sep 2022 18:59:59 GMT',
585 silly get     connection: 'keep-alive',
585 silly get     'cf-ray': '74d48fc6c86f6fb6-IAD',
585 silly get     age: '149',
585 silly get     'cache-control': 'public, max-age=300',
585 silly get     etag: '"f341b2570ef1b27e34c180a2167b031a"',
585 silly get     'last-modified': 'Sat, 18 Jun 2022 12:57:50 GMT',
585 silly get     vary: 'Accept-Encoding',
585 silly get     'cf-cache-status': 'HIT',
585 silly get     'x-amz-replication-status': 'PENDING',
585 silly get     server: 'cloudflare' } ]
586 verbose etag https://registry.npmjs.org/globby from cache
587 verbose get saving globby to /root/.npm/registry.npmjs.org/globby/.cache.json
588 http 304 https://registry.npmjs.org/esutils
589 verbose headers { date: 'Mon, 19 Sep 2022 18:59:59 GMT',
589 verbose headers   connection: 'keep-alive',
589 verbose headers   'cf-ray': '74d48fc6bf8281d0-IAD',
589 verbose headers   age: '222',
589 verbose headers   'cache-control': 'public, max-age=300',
589 verbose headers   etag: '"a7e595d9465a833aa8a21120f5e17c0a"',
589 verbose headers   'last-modified': 'Fri, 17 Jun 2022 20:59:11 GMT',
589 verbose headers   vary: 'Accept-Encoding',
589 verbose headers   'cf-cache-status': 'HIT',
589 verbose headers   'x-amz-replication-status': 'PENDING',
589 verbose headers   server: 'cloudflare' }
590 silly get cb [ 304,
590 silly get   { date: 'Mon, 19 Sep 2022 18:59:59 GMT',
590 silly get     connection: 'keep-alive',
590 silly get     'cf-ray': '74d48fc6bf8281d0-IAD',
590 silly get     age: '222',
590 silly get     'cache-control': 'public, max-age=300',
590 silly get     etag: '"a7e595d9465a833aa8a21120f5e17c0a"',
590 silly get     'last-modified': 'Fri, 17 Jun 2022 20:59:11 GMT',
590 silly get     vary: 'Accept-Encoding',
590 silly get     'cf-cache-status': 'HIT',
590 silly get     'x-amz-replication-status': 'PENDING',
590 silly get     server: 'cloudflare' } ]
591 verbose etag https://registry.npmjs.org/esutils from cache
592 verbose get saving esutils to /root/.npm/registry.npmjs.org/esutils/.cache.json
593 http 304 https://registry.npmjs.org/chalk
594 verbose headers { date: 'Mon, 19 Sep 2022 18:59:59 GMT',
594 verbose headers   connection: 'keep-alive',
594 verbose headers   'cf-ray': '74d48fc6cfc357f6-IAD',
594 verbose headers   age: '250',
594 verbose headers   'cache-control': 'public, max-age=300',
594 verbose headers   etag: '"7e89694a58ccdd0ee0c4c56b4bdd868b"',
594 verbose headers   'last-modified': 'Fri, 26 Aug 2022 22:48:01 GMT',
594 verbose headers   vary: 'Accept-Encoding',
594 verbose headers   'cf-cache-status': 'HIT',
594 verbose headers   'x-amz-replication-status': 'COMPLETED',
594 verbose headers   server: 'cloudflare' }
595 silly get cb [ 304,
595 silly get   { date: 'Mon, 19 Sep 2022 18:59:59 GMT',
595 silly get     connection: 'keep-alive',
595 silly get     'cf-ray': '74d48fc6cfc357f6-IAD',
595 silly get     age: '250',
595 silly get     'cache-control': 'public, max-age=300',
595 silly get     etag: '"7e89694a58ccdd0ee0c4c56b4bdd868b"',
595 silly get     'last-modified': 'Fri, 26 Aug 2022 22:48:01 GMT',
595 silly get     vary: 'Accept-Encoding',
595 silly get     'cf-cache-status': 'HIT',
595 silly get     'x-amz-replication-status': 'COMPLETED',
595 silly get     server: 'cloudflare' } ]
596 verbose etag https://registry.npmjs.org/chalk from cache
597 verbose get saving chalk to /root/.npm/registry.npmjs.org/chalk/.cache.json
598 http 304 https://registry.npmjs.org/cross-spawn
599 verbose headers { date: 'Mon, 19 Sep 2022 18:59:59 GMT',
599 verbose headers   connection: 'keep-alive',
599 verbose headers   'cf-ray': '74d48fc6ce256fd4-IAD',
599 verbose headers   age: '25',
599 verbose headers   'cache-control': 'public, max-age=300',
599 verbose headers   etag: '"6d8a1e12ecf935857e3cee4b2605773b"',
599 verbose headers   'last-modified': 'Tue, 14 Jun 2022 03:41:17 GMT',
599 verbose headers   vary: 'Accept-Encoding',
599 verbose headers   'cf-cache-status': 'HIT',
599 verbose headers   'x-amz-replication-status': 'PENDING',
599 verbose headers   server: 'cloudflare' }
600 silly get cb [ 304,
600 silly get   { date: 'Mon, 19 Sep 2022 18:59:59 GMT',
600 silly get     connection: 'keep-alive',
600 silly get     'cf-ray': '74d48fc6ce256fd4-IAD',
600 silly get     age: '25',
600 silly get     'cache-control': 'public, max-age=300',
600 silly get     etag: '"6d8a1e12ecf935857e3cee4b2605773b"',
600 silly get     'last-modified': 'Tue, 14 Jun 2022 03:41:17 GMT',
600 silly get     vary: 'Accept-Encoding',
600 silly get     'cf-cache-status': 'HIT',
600 silly get     'x-amz-replication-status': 'PENDING',
600 silly get     server: 'cloudflare' } ]
601 verbose etag https://registry.npmjs.org/cross-spawn from cache
602 verbose get saving cross-spawn to /root/.npm/registry.npmjs.org/cross-spawn/.cache.json
603 http 304 https://registry.npmjs.org/lodash.merge
604 verbose headers { date: 'Mon, 19 Sep 2022 18:59:59 GMT',
604 verbose headers   connection: 'keep-alive',
604 verbose headers   'cf-ray': '74d48fc6ce717f7e-IAD',
604 verbose headers   age: '87',
604 verbose headers   'cache-control': 'public, max-age=300',
604 verbose headers   etag: '"c495d94b485a90af1ad26b4bfb7824be"',
604 verbose headers   'last-modified': 'Sun, 19 Jun 2022 13:36:45 GMT',
604 verbose headers   vary: 'Accept-Encoding',
604 verbose headers   'cf-cache-status': 'HIT',
604 verbose headers   'x-amz-replication-status': 'COMPLETED',
604 verbose headers   server: 'cloudflare' }
605 silly get cb [ 304,
605 silly get   { date: 'Mon, 19 Sep 2022 18:59:59 GMT',
605 silly get     connection: 'keep-alive',
605 silly get     'cf-ray': '74d48fc6ce717f7e-IAD',
605 silly get     age: '87',
605 silly get     'cache-control': 'public, max-age=300',
605 silly get     etag: '"c495d94b485a90af1ad26b4bfb7824be"',
605 silly get     'last-modified': 'Sun, 19 Jun 2022 13:36:45 GMT',
605 silly get     vary: 'Accept-Encoding',
605 silly get     'cf-cache-status': 'HIT',
605 silly get     'x-amz-replication-status': 'COMPLETED',
605 silly get     server: 'cloudflare' } ]
606 verbose etag https://registry.npmjs.org/lodash.merge from cache
607 verbose get saving lodash.merge to /root/.npm/registry.npmjs.org/lodash.merge/.cache.json
608 http 304 https://registry.npmjs.org/esquery
609 verbose headers { date: 'Mon, 19 Sep 2022 18:59:59 GMT',
609 verbose headers   connection: 'keep-alive',
609 verbose headers   'cf-ray': '74d48fc6cdfa82c2-IAD',
609 verbose headers   age: '138',
609 verbose headers   'cache-control': 'public, max-age=300',
609 verbose headers   etag: '"930bab2af55c0c891a98245cfc920456"',
609 verbose headers   'last-modified': 'Fri, 17 Jun 2022 20:52:56 GMT',
609 verbose headers   vary: 'Accept-Encoding',
609 verbose headers   'cf-cache-status': 'HIT',
609 verbose headers   'x-amz-replication-status': 'PENDING',
609 verbose headers   server: 'cloudflare' }
610 silly get cb [ 304,
610 silly get   { date: 'Mon, 19 Sep 2022 18:59:59 GMT',
610 silly get     connection: 'keep-alive',
610 silly get     'cf-ray': '74d48fc6cdfa82c2-IAD',
610 silly get     age: '138',
610 silly get     'cache-control': 'public, max-age=300',
610 silly get     etag: '"930bab2af55c0c891a98245cfc920456"',
610 silly get     'last-modified': 'Fri, 17 Jun 2022 20:52:56 GMT',
610 silly get     vary: 'Accept-Encoding',
610 silly get     'cf-cache-status': 'HIT',
610 silly get     'x-amz-replication-status': 'PENDING',
610 silly get     server: 'cloudflare' } ]
611 verbose etag https://registry.npmjs.org/esquery from cache
612 verbose get saving esquery to /root/.npm/registry.npmjs.org/esquery/.cache.json
613 http 304 https://registry.npmjs.org/globals
614 verbose headers { date: 'Mon, 19 Sep 2022 18:59:59 GMT',
614 verbose headers   connection: 'keep-alive',
614 verbose headers   'cf-ray': '74d48fc6c90c5b0b-IAD',
614 verbose headers   age: '34',
614 verbose headers   'cache-control': 'public, max-age=300',
614 verbose headers   etag: '"87839496b4cee1cb7d002d1306541e57"',
614 verbose headers   'last-modified': 'Thu, 21 Jul 2022 08:16:43 GMT',
614 verbose headers   vary: 'Accept-Encoding',
614 verbose headers   'cf-cache-status': 'HIT',
614 verbose headers   'x-amz-replication-status': 'COMPLETED',
614 verbose headers   server: 'cloudflare' }
615 silly get cb [ 304,
615 silly get   { date: 'Mon, 19 Sep 2022 18:59:59 GMT',
615 silly get     connection: 'keep-alive',
615 silly get     'cf-ray': '74d48fc6c90c5b0b-IAD',
615 silly get     age: '34',
615 silly get     'cache-control': 'public, max-age=300',
615 silly get     etag: '"87839496b4cee1cb7d002d1306541e57"',
615 silly get     'last-modified': 'Thu, 21 Jul 2022 08:16:43 GMT',
615 silly get     vary: 'Accept-Encoding',
615 silly get     'cf-cache-status': 'HIT',
615 silly get     'x-amz-replication-status': 'COMPLETED',
615 silly get     server: 'cloudflare' } ]
616 verbose etag https://registry.npmjs.org/globals from cache
617 verbose get saving globals to /root/.npm/registry.npmjs.org/globals/.cache.json
618 http 304 https://registry.npmjs.org/is-glob
619 verbose headers { date: 'Mon, 19 Sep 2022 18:59:59 GMT',
619 verbose headers   connection: 'keep-alive',
619 verbose headers   'cf-ray': '74d48fc6c9685d8c-IAD',
619 verbose headers   age: '183',
619 verbose headers   'cache-control': 'public, max-age=300',
619 verbose headers   etag: '"562c833dd5de9ca6d5483f99da1c3fd3"',
619 verbose headers   'last-modified': 'Sun, 19 Jun 2022 02:42:17 GMT',
619 verbose headers   vary: 'Accept-Encoding',
619 verbose headers   'cf-cache-status': 'HIT',
619 verbose headers   'x-amz-replication-status': 'COMPLETED',
619 verbose headers   server: 'cloudflare' }
620 silly get cb [ 304,
620 silly get   { date: 'Mon, 19 Sep 2022 18:59:59 GMT',
620 silly get     connection: 'keep-alive',
620 silly get     'cf-ray': '74d48fc6c9685d8c-IAD',
620 silly get     age: '183',
620 silly get     'cache-control': 'public, max-age=300',
620 silly get     etag: '"562c833dd5de9ca6d5483f99da1c3fd3"',
620 silly get     'last-modified': 'Sun, 19 Jun 2022 02:42:17 GMT',
620 silly get     vary: 'Accept-Encoding',
620 silly get     'cf-cache-status': 'HIT',
620 silly get     'x-amz-replication-status': 'COMPLETED',
620 silly get     server: 'cloudflare' } ]
621 verbose etag https://registry.npmjs.org/is-glob from cache
622 verbose get saving is-glob to /root/.npm/registry.npmjs.org/is-glob/.cache.json
623 http 304 https://registry.npmjs.org/doctrine
624 verbose headers { date: 'Mon, 19 Sep 2022 18:59:59 GMT',
624 verbose headers   connection: 'keep-alive',
624 verbose headers   'cf-ray': '74d48fc6baa581a0-IAD',
624 verbose headers   age: '5',
624 verbose headers   'cache-control': 'public, max-age=300',
624 verbose headers   etag: '"fb6897240e948c0e8bd6e8fe01d2b2f3"',
624 verbose headers   'last-modified': 'Wed, 15 Jun 2022 20:25:25 GMT',
624 verbose headers   vary: 'Accept-Encoding',
624 verbose headers   'cf-cache-status': 'HIT',
624 verbose headers   'x-amz-replication-status': 'PENDING',
624 verbose headers   server: 'cloudflare' }
625 silly get cb [ 304,
625 silly get   { date: 'Mon, 19 Sep 2022 18:59:59 GMT',
625 silly get     connection: 'keep-alive',
625 silly get     'cf-ray': '74d48fc6baa581a0-IAD',
625 silly get     age: '5',
625 silly get     'cache-control': 'public, max-age=300',
625 silly get     etag: '"fb6897240e948c0e8bd6e8fe01d2b2f3"',
625 silly get     'last-modified': 'Wed, 15 Jun 2022 20:25:25 GMT',
625 silly get     vary: 'Accept-Encoding',
625 silly get     'cf-cache-status': 'HIT',
625 silly get     'x-amz-replication-status': 'PENDING',
625 silly get     server: 'cloudflare' } ]
626 verbose etag https://registry.npmjs.org/doctrine from cache
627 verbose get saving doctrine to /root/.npm/registry.npmjs.org/doctrine/.cache.json
628 http 304 https://registry.npmjs.org/import-fresh
629 verbose headers { date: 'Mon, 19 Sep 2022 18:59:59 GMT',
629 verbose headers   connection: 'keep-alive',
629 verbose headers   'cf-ray': '74d48fc6cdf781e8-IAD',
629 verbose headers   age: '204',
629 verbose headers   'cache-control': 'public, max-age=300',
629 verbose headers   etag: '"b0a95508ad87e0c6842c34851ee6bd65"',
629 verbose headers   'last-modified': 'Sun, 19 Jun 2022 00:53:43 GMT',
629 verbose headers   vary: 'Accept-Encoding',
629 verbose headers   'cf-cache-status': 'HIT',
629 verbose headers   'x-amz-replication-status': 'PENDING',
629 verbose headers   server: 'cloudflare' }
630 silly get cb [ 304,
630 silly get   { date: 'Mon, 19 Sep 2022 18:59:59 GMT',
630 silly get     connection: 'keep-alive',
630 silly get     'cf-ray': '74d48fc6cdf781e8-IAD',
630 silly get     age: '204',
630 silly get     'cache-control': 'public, max-age=300',
630 silly get     etag: '"b0a95508ad87e0c6842c34851ee6bd65"',
630 silly get     'last-modified': 'Sun, 19 Jun 2022 00:53:43 GMT',
630 silly get     vary: 'Accept-Encoding',
630 silly get     'cf-cache-status': 'HIT',
630 silly get     'x-amz-replication-status': 'PENDING',
630 silly get     server: 'cloudflare' } ]
631 verbose etag https://registry.npmjs.org/import-fresh from cache
632 verbose get saving import-fresh to /root/.npm/registry.npmjs.org/import-fresh/.cache.json
633 http 304 https://registry.npmjs.org/js-yaml
634 verbose headers { date: 'Mon, 19 Sep 2022 18:59:59 GMT',
634 verbose headers   connection: 'keep-alive',
634 verbose headers   'cf-ray': '74d48fc6cba3c198-IAD',
634 verbose headers   age: '153',
634 verbose headers   'cache-control': 'public, max-age=300',
634 verbose headers   etag: '"8748b3ef6c0da130d6d4339dcfc1ddb5"',
634 verbose headers   'last-modified': 'Sun, 19 Jun 2022 05:47:22 GMT',
634 verbose headers   vary: 'Accept-Encoding',
634 verbose headers   'cf-cache-status': 'HIT',
634 verbose headers   'x-amz-replication-status': 'COMPLETED',
634 verbose headers   server: 'cloudflare' }
635 silly get cb [ 304,
635 silly get   { date: 'Mon, 19 Sep 2022 18:59:59 GMT',
635 silly get     connection: 'keep-alive',
635 silly get     'cf-ray': '74d48fc6cba3c198-IAD',
635 silly get     age: '153',
635 silly get     'cache-control': 'public, max-age=300',
635 silly get     etag: '"8748b3ef6c0da130d6d4339dcfc1ddb5"',
635 silly get     'last-modified': 'Sun, 19 Jun 2022 05:47:22 GMT',
635 silly get     vary: 'Accept-Encoding',
635 silly get     'cf-cache-status': 'HIT',
635 silly get     'x-amz-replication-status': 'COMPLETED',
635 silly get     server: 'cloudflare' } ]
636 verbose etag https://registry.npmjs.org/js-yaml from cache
637 verbose get saving js-yaml to /root/.npm/registry.npmjs.org/js-yaml/.cache.json
638 http 304 https://registry.npmjs.org/natural-compare
639 verbose headers { date: 'Mon, 19 Sep 2022 18:59:59 GMT',
639 verbose headers   connection: 'keep-alive',
639 verbose headers   'cf-ray': '74d48fc6ca7a6ff8-IAD',
639 verbose headers   age: '296',
639 verbose headers   'cache-control': 'public, max-age=300',
639 verbose headers   etag: '"c99e2e81a20f6845ea2169b6ba40c96b"',
639 verbose headers   'last-modified': 'Mon, 20 Jun 2022 21:54:52 GMT',
639 verbose headers   vary: 'Accept-Encoding',
639 verbose headers   'cf-cache-status': 'HIT',
639 verbose headers   'x-amz-replication-status': 'PENDING',
639 verbose headers   server: 'cloudflare' }
640 silly get cb [ 304,
640 silly get   { date: 'Mon, 19 Sep 2022 18:59:59 GMT',
640 silly get     connection: 'keep-alive',
640 silly get     'cf-ray': '74d48fc6ca7a6ff8-IAD',
640 silly get     age: '296',
640 silly get     'cache-control': 'public, max-age=300',
640 silly get     etag: '"c99e2e81a20f6845ea2169b6ba40c96b"',
640 silly get     'last-modified': 'Mon, 20 Jun 2022 21:54:52 GMT',
640 silly get     vary: 'Accept-Encoding',
640 silly get     'cf-cache-status': 'HIT',
640 silly get     'x-amz-replication-status': 'PENDING',
640 silly get     server: 'cloudflare' } ]
641 verbose etag https://registry.npmjs.org/natural-compare from cache
642 verbose get saving natural-compare to /root/.npm/registry.npmjs.org/natural-compare/.cache.json
643 http 304 https://registry.npmjs.org/debug
644 verbose headers { date: 'Mon, 19 Sep 2022 18:59:59 GMT',
644 verbose headers   connection: 'keep-alive',
644 verbose headers   'cf-ray': '74d48fc6cd975974-IAD',
644 verbose headers   age: '9',
644 verbose headers   'cache-control': 'public, max-age=300',
644 verbose headers   etag: '"51d9616cb0ee2b212bcf304eb7700c56"',
644 verbose headers   'last-modified': 'Tue, 09 Aug 2022 12:45:46 GMT',
644 verbose headers   vary: 'Accept-Encoding',
644 verbose headers   'cf-cache-status': 'HIT',
644 verbose headers   'x-amz-replication-status': 'PENDING',
644 verbose headers   server: 'cloudflare' }
645 silly get cb [ 304,
645 silly get   { date: 'Mon, 19 Sep 2022 18:59:59 GMT',
645 silly get     connection: 'keep-alive',
645 silly get     'cf-ray': '74d48fc6cd975974-IAD',
645 silly get     age: '9',
645 silly get     'cache-control': 'public, max-age=300',
645 silly get     etag: '"51d9616cb0ee2b212bcf304eb7700c56"',
645 silly get     'last-modified': 'Tue, 09 Aug 2022 12:45:46 GMT',
645 silly get     vary: 'Accept-Encoding',
645 silly get     'cf-cache-status': 'HIT',
645 silly get     'x-amz-replication-status': 'PENDING',
645 silly get     server: 'cloudflare' } ]
646 verbose etag https://registry.npmjs.org/debug from cache
647 verbose get saving debug to /root/.npm/registry.npmjs.org/debug/.cache.json
648 http 304 https://registry.npmjs.org/@eslint%2feslintrc
649 verbose headers { date: 'Mon, 19 Sep 2022 18:59:59 GMT',
649 verbose headers   connection: 'keep-alive',
649 verbose headers   'cf-ray': '74d48fc6beb956da-IAD',
649 verbose headers   age: '279',
649 verbose headers   'cache-control': 'public, max-age=300',
649 verbose headers   etag: '"ab3474a6a72e5a2e8755f8a473b352fe"',
649 verbose headers   'last-modified': 'Mon, 12 Sep 2022 04:58:46 GMT',
649 verbose headers   vary: 'Accept-Encoding',
649 verbose headers   'cf-cache-status': 'HIT',
649 verbose headers   'x-amz-replication-status': 'PENDING',
649 verbose headers   server: 'cloudflare' }
650 silly get cb [ 304,
650 silly get   { date: 'Mon, 19 Sep 2022 18:59:59 GMT',
650 silly get     connection: 'keep-alive',
650 silly get     'cf-ray': '74d48fc6beb956da-IAD',
650 silly get     age: '279',
650 silly get     'cache-control': 'public, max-age=300',
650 silly get     etag: '"ab3474a6a72e5a2e8755f8a473b352fe"',
650 silly get     'last-modified': 'Mon, 12 Sep 2022 04:58:46 GMT',
650 silly get     vary: 'Accept-Encoding',
650 silly get     'cf-cache-status': 'HIT',
650 silly get     'x-amz-replication-status': 'PENDING',
650 silly get     server: 'cloudflare' } ]
651 verbose etag https://registry.npmjs.org/@eslint%2feslintrc from cache
652 verbose get saving @eslint/eslintrc to /root/.npm/registry.npmjs.org/_40eslint_252feslintrc/.cache.json
653 http 304 https://registry.npmjs.org/strip-ansi
654 verbose headers { date: 'Mon, 19 Sep 2022 18:59:59 GMT',
654 verbose headers   connection: 'keep-alive',
654 verbose headers   'cf-ray': '74d48fc6cefc82f3-IAD',
654 verbose headers   age: '95',
654 verbose headers   'cache-control': 'public, max-age=300',
654 verbose headers   etag: '"e8a2bc5d1b0572d6705b607e4b956dfd"',
654 verbose headers   'last-modified': 'Mon, 27 Jun 2022 01:11:49 GMT',
654 verbose headers   vary: 'Accept-Encoding',
654 verbose headers   'cf-cache-status': 'HIT',
654 verbose headers   'x-amz-replication-status': 'COMPLETED',
654 verbose headers   server: 'cloudflare' }
655 silly get cb [ 304,
655 silly get   { date: 'Mon, 19 Sep 2022 18:59:59 GMT',
655 silly get     connection: 'keep-alive',
655 silly get     'cf-ray': '74d48fc6cefc82f3-IAD',
655 silly get     age: '95',
655 silly get     'cache-control': 'public, max-age=300',
655 silly get     etag: '"e8a2bc5d1b0572d6705b607e4b956dfd"',
655 silly get     'last-modified': 'Mon, 27 Jun 2022 01:11:49 GMT',
655 silly get     vary: 'Accept-Encoding',
655 silly get     'cf-cache-status': 'HIT',
655 silly get     'x-amz-replication-status': 'COMPLETED',
655 silly get     server: 'cloudflare' } ]
656 verbose etag https://registry.npmjs.org/strip-ansi from cache
657 verbose get saving strip-ansi to /root/.npm/registry.npmjs.org/strip-ansi/.cache.json
658 http 304 https://registry.npmjs.org/regexpp
659 verbose headers { date: 'Mon, 19 Sep 2022 18:59:59 GMT',
659 verbose headers   connection: 'keep-alive',
659 verbose headers   'cf-ray': '74d48fc758c35c23-IAD',
659 verbose headers   age: '184',
659 verbose headers   'cache-control': 'public, max-age=300',
659 verbose headers   etag: '"e65daf6d847972d85c500142fd236592"',
659 verbose headers   'last-modified': 'Sun, 15 May 2022 17:03:12 GMT',
659 verbose headers   vary: 'Accept-Encoding',
659 verbose headers   'cf-cache-status': 'HIT',
659 verbose headers   'x-amz-replication-status': 'COMPLETED',
659 verbose headers   server: 'cloudflare' }
660 silly get cb [ 304,
660 silly get   { date: 'Mon, 19 Sep 2022 18:59:59 GMT',
660 silly get     connection: 'keep-alive',
660 silly get     'cf-ray': '74d48fc758c35c23-IAD',
660 silly get     age: '184',
660 silly get     'cache-control': 'public, max-age=300',
660 silly get     etag: '"e65daf6d847972d85c500142fd236592"',
660 silly get     'last-modified': 'Sun, 15 May 2022 17:03:12 GMT',
660 silly get     vary: 'Accept-Encoding',
660 silly get     'cf-cache-status': 'HIT',
660 silly get     'x-amz-replication-status': 'COMPLETED',
660 silly get     server: 'cloudflare' } ]
661 verbose etag https://registry.npmjs.org/regexpp from cache
662 verbose get saving regexpp to /root/.npm/registry.npmjs.org/regexpp/.cache.json
663 http 304 https://registry.npmjs.org/file-entry-cache
664 verbose headers { date: 'Mon, 19 Sep 2022 18:59:59 GMT',
664 verbose headers   connection: 'keep-alive',
664 verbose headers   'cf-ray': '74d48fc75ca45d98-IAD',
664 verbose headers   age: '253',
664 verbose headers   'cache-control': 'public, max-age=300',
664 verbose headers   etag: '"c4f178b823fc0702adaa95f7b851f36d"',
664 verbose headers   'last-modified': 'Sat, 18 Jun 2022 00:35:29 GMT',
664 verbose headers   vary: 'Accept-Encoding',
664 verbose headers   'cf-cache-status': 'HIT',
664 verbose headers   'x-amz-replication-status': 'COMPLETED',
664 verbose headers   server: 'cloudflare' }
665 silly get cb [ 304,
665 silly get   { date: 'Mon, 19 Sep 2022 18:59:59 GMT',
665 silly get     connection: 'keep-alive',
665 silly get     'cf-ray': '74d48fc75ca45d98-IAD',
665 silly get     age: '253',
665 silly get     'cache-control': 'public, max-age=300',
665 silly get     etag: '"c4f178b823fc0702adaa95f7b851f36d"',
665 silly get     'last-modified': 'Sat, 18 Jun 2022 00:35:29 GMT',
665 silly get     vary: 'Accept-Encoding',
665 silly get     'cf-cache-status': 'HIT',
665 silly get     'x-amz-replication-status': 'COMPLETED',
665 silly get     server: 'cloudflare' } ]
666 verbose etag https://registry.npmjs.org/file-entry-cache from cache
667 verbose get saving file-entry-cache to /root/.npm/registry.npmjs.org/file-entry-cache/.cache.json
668 http 304 https://registry.npmjs.org/@humanwhocodes%2fgitignore-to-minimatch
669 verbose headers { date: 'Mon, 19 Sep 2022 18:59:59 GMT',
669 verbose headers   connection: 'keep-alive',
669 verbose headers   'cf-ray': '74d48fc6b9785ba1-IAD',
669 verbose headers   age: '197',
669 verbose headers   'cache-control': 'public, max-age=300',
669 verbose headers   etag: '"6d23700c037d5fc70088f04961f1d1d8"',
669 verbose headers   'last-modified': 'Tue, 05 Apr 2022 18:47:29 GMT',
669 verbose headers   vary: 'Accept-Encoding',
669 verbose headers   'cf-cache-status': 'HIT',
669 verbose headers   'x-amz-replication-status': 'COMPLETED',
669 verbose headers   server: 'cloudflare' }
670 silly get cb [ 304,
670 silly get   { date: 'Mon, 19 Sep 2022 18:59:59 GMT',
670 silly get     connection: 'keep-alive',
670 silly get     'cf-ray': '74d48fc6b9785ba1-IAD',
670 silly get     age: '197',
670 silly get     'cache-control': 'public, max-age=300',
670 silly get     etag: '"6d23700c037d5fc70088f04961f1d1d8"',
670 silly get     'last-modified': 'Tue, 05 Apr 2022 18:47:29 GMT',
670 silly get     vary: 'Accept-Encoding',
670 silly get     'cf-cache-status': 'HIT',
670 silly get     'x-amz-replication-status': 'COMPLETED',
670 silly get     server: 'cloudflare' } ]
671 verbose etag https://registry.npmjs.org/@humanwhocodes%2fgitignore-to-minimatch from cache
672 verbose get saving @humanwhocodes/gitignore-to-minimatch to /root/.npm/registry.npmjs.org/_40humanwhocodes_252fgitignore-to-minimatch/.cache.json
673 http 304 https://registry.npmjs.org/json-stable-stringify-without-jsonify
674 verbose headers { date: 'Mon, 19 Sep 2022 18:59:59 GMT',
674 verbose headers   connection: 'keep-alive',
674 verbose headers   'cf-ray': '74d48fc6ce389c4f-IAD',
674 verbose headers   'cache-control': 'public, max-age=300',
674 verbose headers   etag: '"3327745153662605fd76b242ef52888b"',
674 verbose headers   'last-modified': 'Sun, 19 Jun 2022 06:26:46 GMT',
674 verbose headers   vary: 'Accept-Encoding',
674 verbose headers   'cf-cache-status': 'REVALIDATED',
674 verbose headers   'x-amz-replication-status': 'PENDING',
674 verbose headers   server: 'cloudflare' }
675 silly get cb [ 304,
675 silly get   { date: 'Mon, 19 Sep 2022 18:59:59 GMT',
675 silly get     connection: 'keep-alive',
675 silly get     'cf-ray': '74d48fc6ce389c4f-IAD',
675 silly get     'cache-control': 'public, max-age=300',
675 silly get     etag: '"3327745153662605fd76b242ef52888b"',
675 silly get     'last-modified': 'Sun, 19 Jun 2022 06:26:46 GMT',
675 silly get     vary: 'Accept-Encoding',
675 silly get     'cf-cache-status': 'REVALIDATED',
675 silly get     'x-amz-replication-status': 'PENDING',
675 silly get     server: 'cloudflare' } ]
676 verbose etag https://registry.npmjs.org/json-stable-stringify-without-jsonify from cache
677 verbose get saving json-stable-stringify-without-jsonify to /root/.npm/registry.npmjs.org/json-stable-stringify-without-jsonify/.cache.json
678 http 304 https://registry.npmjs.org/@humanwhocodes%2fmodule-importer
679 verbose headers { date: 'Mon, 19 Sep 2022 18:59:59 GMT',
679 verbose headers   connection: 'keep-alive',
679 verbose headers   'cf-ray': '74d48fc6beb537ff-IAD',
679 verbose headers   age: '197',
679 verbose headers   'cache-control': 'public, max-age=300',
679 verbose headers   etag: '"573853d05d3e4431140a208ee9f085cd"',
679 verbose headers   'last-modified': 'Thu, 18 Aug 2022 17:55:53 GMT',
679 verbose headers   vary: 'Accept-Encoding',
679 verbose headers   'cf-cache-status': 'HIT',
679 verbose headers   'x-amz-replication-status': 'COMPLETED',
679 verbose headers   server: 'cloudflare' }
680 silly get cb [ 304,
680 silly get   { date: 'Mon, 19 Sep 2022 18:59:59 GMT',
680 silly get     connection: 'keep-alive',
680 silly get     'cf-ray': '74d48fc6beb537ff-IAD',
680 silly get     age: '197',
680 silly get     'cache-control': 'public, max-age=300',
680 silly get     etag: '"573853d05d3e4431140a208ee9f085cd"',
680 silly get     'last-modified': 'Thu, 18 Aug 2022 17:55:53 GMT',
680 silly get     vary: 'Accept-Encoding',
680 silly get     'cf-cache-status': 'HIT',
680 silly get     'x-amz-replication-status': 'COMPLETED',
680 silly get     server: 'cloudflare' } ]
681 verbose etag https://registry.npmjs.org/@humanwhocodes%2fmodule-importer from cache
682 verbose get saving @humanwhocodes/module-importer to /root/.npm/registry.npmjs.org/_40humanwhocodes_252fmodule-importer/.cache.json
683 http 304 https://registry.npmjs.org/grapheme-splitter
684 verbose headers { date: 'Mon, 19 Sep 2022 18:59:59 GMT',
684 verbose headers   connection: 'keep-alive',
684 verbose headers   'cf-ray': '74d48fc6c81c81ed-IAD',
684 verbose headers   'cache-control': 'public, max-age=300',
684 verbose headers   etag: '"325a7e89139c02446ba1127710736c10"',
684 verbose headers   'last-modified': 'Sat, 18 Jun 2022 13:52:12 GMT',
684 verbose headers   vary: 'Accept-Encoding',
684 verbose headers   'cf-cache-status': 'REVALIDATED',
684 verbose headers   'x-amz-replication-status': 'COMPLETED',
684 verbose headers   server: 'cloudflare' }
685 silly get cb [ 304,
685 silly get   { date: 'Mon, 19 Sep 2022 18:59:59 GMT',
685 silly get     connection: 'keep-alive',
685 silly get     'cf-ray': '74d48fc6c81c81ed-IAD',
685 silly get     'cache-control': 'public, max-age=300',
685 silly get     etag: '"325a7e89139c02446ba1127710736c10"',
685 silly get     'last-modified': 'Sat, 18 Jun 2022 13:52:12 GMT',
685 silly get     vary: 'Accept-Encoding',
685 silly get     'cf-cache-status': 'REVALIDATED',
685 silly get     'x-amz-replication-status': 'COMPLETED',
685 silly get     server: 'cloudflare' } ]
686 verbose etag https://registry.npmjs.org/grapheme-splitter from cache
687 verbose get saving grapheme-splitter to /root/.npm/registry.npmjs.org/grapheme-splitter/.cache.json
688 silly resolveWithNewModule @humanwhocodes/config-array@0.10.4 checking installable status
689 silly cache add args [ '@humanwhocodes/config-array@^0.10.4', null ]
690 verbose cache add spec @humanwhocodes/config-array@^0.10.4
691 silly cache add parsed spec Result {
691 silly cache add   raw: '@humanwhocodes/config-array@^0.10.4',
691 silly cache add   scope: '@humanwhocodes',
691 silly cache add   name: '@humanwhocodes/config-array',
691 silly cache add   rawSpec: '^0.10.4',
691 silly cache add   spec: '>=0.10.4 <0.11.0',
691 silly cache add   type: 'range' }
692 silly addNamed @humanwhocodes/config-array@>=0.10.4 <0.11.0
693 verbose addNamed ">=0.10.4 <0.11.0" is a valid semver range for @humanwhocodes/config-array
694 silly addNameRange { name: '@humanwhocodes/config-array',
694 silly addNameRange   range: '>=0.10.4 <0.11.0',
694 silly addNameRange   hasData: false }
695 silly mapToRegistry name @humanwhocodes/config-array
696 silly mapToRegistry scope (from package name) @humanwhocodes
697 verbose mapToRegistry no registry URL found in name for scope @humanwhocodes
698 silly mapToRegistry using default registry
699 silly mapToRegistry registry https://registry.npmjs.org/
700 silly mapToRegistry uri https://registry.npmjs.org/@humanwhocodes%2fconfig-array
701 verbose addNameRange registry:https://registry.npmjs.org/@humanwhocodes%2fconfig-array not in flight; fetching
702 verbose stack Error: Missing required argument #1
702 verbose stack     at andLogAndFinish (/usr/share/npm/lib/fetch-package-metadata.js:31:3)
702 verbose stack     at fetchPackageMetadata (/usr/share/npm/lib/fetch-package-metadata.js:51:22)
702 verbose stack     at resolveWithNewModule (/usr/share/npm/lib/install/deps.js:456:12)
702 verbose stack     at /usr/share/npm/lib/install/deps.js:457:7
702 verbose stack     at /usr/share/npm/node_modules/iferr/index.js:13:50
702 verbose stack     at /usr/share/npm/lib/fetch-package-metadata.js:37:12
702 verbose stack     at addRequestedAndFinish (/usr/share/npm/lib/fetch-package-metadata.js:82:5)
702 verbose stack     at returnAndAddMetadata (/usr/share/npm/lib/fetch-package-metadata.js:117:7)
702 verbose stack     at pickVersionFromRegistryDocument (/usr/share/npm/lib/fetch-package-metadata.js:134:20)
702 verbose stack     at /usr/share/npm/node_modules/iferr/index.js:13:50
703 verbose cwd /alx-backend-javascript/0x05-Node_JS_basic
704 error Linux 5.3.0-1032-aws
705 error argv "/usr/bin/node" "/usr/bin/npm" "install" "-g" "eslint"
706 error node v8.10.0
707 error npm  v3.5.2
708 error code EMISSINGARG
709 error typeerror Error: Missing required argument #1
709 error typeerror     at andLogAndFinish (/usr/share/npm/lib/fetch-package-metadata.js:31:3)
709 error typeerror     at fetchPackageMetadata (/usr/share/npm/lib/fetch-package-metadata.js:51:22)
709 error typeerror     at resolveWithNewModule (/usr/share/npm/lib/install/deps.js:456:12)
709 error typeerror     at /usr/share/npm/lib/install/deps.js:457:7
709 error typeerror     at /usr/share/npm/node_modules/iferr/index.js:13:50
709 error typeerror     at /usr/share/npm/lib/fetch-package-metadata.js:37:12
709 error typeerror     at addRequestedAndFinish (/usr/share/npm/lib/fetch-package-metadata.js:82:5)
709 error typeerror     at returnAndAddMetadata (/usr/share/npm/lib/fetch-package-metadata.js:117:7)
709 error typeerror     at pickVersionFromRegistryDocument (/usr/share/npm/lib/fetch-package-metadata.js:134:20)
709 error typeerror     at /usr/share/npm/node_modules/iferr/index.js:13:50
710 error typeerror This is an error with npm itself. Please report this error at:
710 error typeerror     <http://github.com/npm/npm/issues>
711 verbose exit [ 1, true ]
